{"/Users/arbazpirwani/IdeaProjects/clean-typescript-react/src/core/fixtures/BookFixtures.ts": {"path":"/Users/arbazpirwani/IdeaProjects/clean-typescript-react/src/core/fixtures/BookFixtures.ts","statementMap":{"0":{"start":{"line":3,"column":13},"end":{"line":3,"column":44}},"1":{"start":{"line":4,"column":13},"end":{"line":4,"column":37}},"2":{"start":{"line":6,"column":13},"end":{"line":19,"column":2}},"3":{"start":{"line":22,"column":13},"end":{"line":24,"column":null}}},"fnMap":{},"branchMap":{},"s":{"0":4,"1":4,"2":4,"3":4},"f":{},"b":{}}
,"/Users/arbazpirwani/IdeaProjects/clean-typescript-react/src/data/entity/BookApiEntity.ts": {"path":"/Users/arbazpirwani/IdeaProjects/clean-typescript-react/src/data/entity/BookApiEntity.ts","statementMap":{"0":{"start":{"line":42,"column":34},"end":{"line":65,"column":1}},"1":{"start":{"line":43,"column":17},"end":{"line":43,"column":48}},"2":{"start":{"line":44,"column":4},"end":{"line":63,"column":null}},"3":{"start":{"line":45,"column":8},"end":{"line":47,"column":null}},"4":{"start":{"line":46,"column":12},"end":{"line":46,"column":null}},"5":{"start":{"line":48,"column":8},"end":{"line":50,"column":null}},"6":{"start":{"line":49,"column":12},"end":{"line":49,"column":null}},"7":{"start":{"line":51,"column":8},"end":{"line":53,"column":null}},"8":{"start":{"line":52,"column":12},"end":{"line":52,"column":null}},"9":{"start":{"line":54,"column":8},"end":{"line":56,"column":null}},"10":{"start":{"line":55,"column":12},"end":{"line":55,"column":null}},"11":{"start":{"line":57,"column":8},"end":{"line":59,"column":null}},"12":{"start":{"line":58,"column":12},"end":{"line":58,"column":null}},"13":{"start":{"line":60,"column":8},"end":{"line":62,"column":null}},"14":{"start":{"line":61,"column":12},"end":{"line":61,"column":null}},"15":{"start":{"line":64,"column":4},"end":{"line":64,"column":null}},"16":{"start":{"line":42,"column":13},"end":{"line":42,"column":34}},"17":{"start":{"line":67,"column":37},"end":{"line":69,"column":1}},"18":{"start":{"line":68,"column":4},"end":{"line":68,"column":null}},"19":{"start":{"line":68,"column":35},"end":{"line":68,"column":69}},"20":{"start":{"line":67,"column":13},"end":{"line":67,"column":37}},"21":{"start":{"line":70,"column":41},"end":{"line":73,"column":42}},"22":{"start":{"line":72,"column":10},"end":{"line":72,"column":12}},"23":{"start":{"line":72,"column":22},"end":{"line":72,"column":null}},"24":{"start":{"line":73,"column":41},"end":{"line":82,"column":3}},"25":{"start":{"line":70,"column":13},"end":{"line":70,"column":41}}},"fnMap":{"0":{"name":"(anonymous_0)","decl":{"start":{"line":42,"column":34},"end":{"line":42,"column":35}},"loc":{"start":{"line":42,"column":77},"end":{"line":65,"column":1}}},"1":{"name":"(anonymous_1)","decl":{"start":{"line":67,"column":37},"end":{"line":67,"column":38}},"loc":{"start":{"line":67,"column":56},"end":{"line":69,"column":1}}},"2":{"name":"(anonymous_2)","decl":{"start":{"line":68,"column":25},"end":{"line":68,"column":26}},"loc":{"start":{"line":68,"column":30},"end":{"line":68,"column":36}}},"3":{"name":"(anonymous_3)","decl":{"start":{"line":70,"column":41},"end":{"line":70,"column":null}},"loc":{"start":{"line":73,"column":24},"end":{"line":73,"column":42}}}},"branchMap":{"0":{"loc":{"start":{"line":44,"column":4},"end":{"line":63,"column":null}},"type":"if","locations":[{"start":{"line":44,"column":4},"end":{"line":63,"column":null}}]},"1":{"loc":{"start":{"line":45,"column":8},"end":{"line":47,"column":null}},"type":"if","locations":[{"start":{"line":45,"column":8},"end":{"line":47,"column":null}}]},"2":{"loc":{"start":{"line":48,"column":8},"end":{"line":50,"column":null}},"type":"if","locations":[{"start":{"line":48,"column":8},"end":{"line":50,"column":null}}]},"3":{"loc":{"start":{"line":51,"column":8},"end":{"line":53,"column":null}},"type":"if","locations":[{"start":{"line":51,"column":8},"end":{"line":53,"column":null}}]},"4":{"loc":{"start":{"line":54,"column":8},"end":{"line":56,"column":null}},"type":"if","locations":[{"start":{"line":54,"column":8},"end":{"line":56,"column":null}}]},"5":{"loc":{"start":{"line":57,"column":8},"end":{"line":59,"column":null}},"type":"if","locations":[{"start":{"line":57,"column":8},"end":{"line":59,"column":null}}]},"6":{"loc":{"start":{"line":60,"column":8},"end":{"line":62,"column":null}},"type":"if","locations":[{"start":{"line":60,"column":8},"end":{"line":62,"column":null}}]}},"s":{"0":3,"1":12,"2":12,"3":8,"4":3,"5":5,"6":1,"7":4,"8":1,"9":3,"10":1,"11":2,"12":1,"13":1,"14":1,"15":4,"16":3,"17":3,"18":3,"19":3,"20":3,"21":3,"22":6,"23":6,"24":6,"25":3},"f":{"0":12,"1":3,"2":3,"3":6},"b":{"0":[8],"1":[3],"2":[1],"3":[1],"4":[1],"5":[1],"6":[1]}}
,"/Users/arbazpirwani/IdeaProjects/clean-typescript-react/src/data/repository/GoogleBookRepositoryImpl.ts": {"path":"/Users/arbazpirwani/IdeaProjects/clean-typescript-react/src/data/repository/GoogleBookRepositoryImpl.ts","statementMap":{"0":{"start":{"line":6,"column":0},"end":{"line":6,"column":13}},"1":{"start":{"line":10,"column":8},"end":{"line":10,"column":37}},"2":{"start":{"line":13,"column":4},"end":{"line":15,"column":null}},"3":{"start":{"line":14,"column":8},"end":{"line":14,"column":54}},"4":{"start":{"line":17,"column":4},"end":{"line":19,"column":null}},"5":{"start":{"line":18,"column":8},"end":{"line":18,"column":47}},"6":{"start":{"line":20,"column":0},"end":{"line":20,"column":null}},"7":{"start":{"line":6,"column":13},"end":{"line":6,"column":37}}},"fnMap":{"0":{"name":"(anonymous_0)","decl":{"start":{"line":6,"column":0},"end":{"line":6,"column":13}},"loc":{"start":{"line":6,"column":0},"end":{"line":20,"column":null}}},"1":{"name":"GoogleBookRepositoryImpl","decl":{"start":{"line":9,"column":4},"end":{"line":9,"column":16}},"loc":{"start":{"line":9,"column":38},"end":{"line":11,"column":5}}},"2":{"name":"(anonymous_2)","decl":{"start":{"line":13,"column":4},"end":{"line":13,"column":25}},"loc":{"start":{"line":13,"column":39},"end":{"line":15,"column":5}}},"3":{"name":"(anonymous_3)","decl":{"start":{"line":17,"column":4},"end":{"line":17,"column":15}},"loc":{"start":{"line":17,"column":26},"end":{"line":19,"column":5}}}},"branchMap":{},"s":{"0":1,"1":4,"2":1,"3":2,"4":1,"5":2,"6":1,"7":1},"f":{"0":1,"1":4,"2":2,"3":2},"b":{}}
,"/Users/arbazpirwani/IdeaProjects/clean-typescript-react/src/domain/model/ResponseState.ts": {"path":"/Users/arbazpirwani/IdeaProjects/clean-typescript-react/src/domain/model/ResponseState.ts","statementMap":{"0":{"start":{"line":3,"column":0},"end":{"line":3,"column":null}},"1":{"start":{"line":4,"column":4},"end":{"line":4,"column":null}},"2":{"start":{"line":5,"column":4},"end":{"line":5,"column":null}},"3":{"start":{"line":6,"column":4},"end":{"line":6,"column":null}},"4":{"start":{"line":7,"column":4},"end":{"line":7,"column":null}}},"fnMap":{"0":{"name":"(anonymous_0)","decl":{"start":{"line":3,"column":0},"end":{"line":3,"column":12}},"loc":{"start":{"line":3,"column":17},"end":{"line":8,"column":1}}}},"branchMap":{"0":{"loc":{"start":{"line":3,"column":12},"end":{"line":3,"column":null}},"type":"binary-expr","locations":[{"start":{"line":3,"column":12},"end":{"line":3,"column":17}},{"start":{"line":3,"column":12},"end":{"line":3,"column":null}}]}},"s":{"0":2,"1":2,"2":2,"3":2,"4":2},"f":{"0":2},"b":{"0":[2,2]}}
,"/Users/arbazpirwani/IdeaProjects/clean-typescript-react/src/domain/usecase/book/GetBookById.ts": {"path":"/Users/arbazpirwani/IdeaProjects/clean-typescript-react/src/domain/usecase/book/GetBookById.ts","statementMap":{"0":{"start":{"line":2,"column":0},"end":{"line":2,"column":77}},"1":{"start":{"line":3,"column":0},"end":{"line":3,"column":63}},"2":{"start":{"line":10,"column":0},"end":{"line":10,"column":13}},"3":{"start":{"line":14,"column":8},"end":{"line":14,"column":41}},"4":{"start":{"line":17,"column":10},"end":{"line":34,"column":null}},"5":{"start":{"line":19,"column":27},"end":{"line":19,"column":null}},"6":{"start":{"line":19,"column":16},"end":{"line":19,"column":null}},"7":{"start":{"line":20,"column":12},"end":{"line":27,"column":null}},"8":{"start":{"line":21,"column":16},"end":{"line":24,"column":null}},"9":{"start":{"line":26,"column":16},"end":{"line":26,"column":null}},"10":{"start":{"line":29,"column":12},"end":{"line":29,"column":null}},"11":{"start":{"line":35,"column":0},"end":{"line":35,"column":null}},"12":{"start":{"line":10,"column":13},"end":{"line":10,"column":24}}},"fnMap":{"0":{"name":"(anonymous_13)","decl":{"start":{"line":10,"column":0},"end":{"line":10,"column":13}},"loc":{"start":{"line":10,"column":0},"end":{"line":35,"column":null}}},"1":{"name":"GetBookById","decl":{"start":{"line":13,"column":4},"end":{"line":13,"column":16}},"loc":{"start":{"line":13,"column":36},"end":{"line":15,"column":5}}},"2":{"name":"(anonymous_15)","decl":{"start":{"line":17,"column":4},"end":{"line":17,"column":10}},"loc":{"start":{"line":17,"column":27},"end":{"line":34,"column":null}}}},"branchMap":{"0":{"loc":{"start":{"line":20,"column":12},"end":{"line":27,"column":null}},"type":"if","locations":[{"start":{"line":20,"column":12},"end":{"line":27,"column":null}},{"start":{"line":25,"column":19},"end":{"line":27,"column":null}}]}},"s":{"0":1,"1":1,"2":1,"3":3,"4":1,"5":3,"6":3,"7":2,"8":1,"9":1,"10":1,"11":1,"12":1},"f":{"0":1,"1":3,"2":3},"b":{"0":[1,1]}}
,"/Users/arbazpirwani/IdeaProjects/clean-typescript-react/src/domain/usecase/book/GetBooksByQuery.ts": {"path":"/Users/arbazpirwani/IdeaProjects/clean-typescript-react/src/domain/usecase/book/GetBooksByQuery.ts","statementMap":{"0":{"start":{"line":2,"column":0},"end":{"line":2,"column":73}},"1":{"start":{"line":3,"column":0},"end":{"line":3,"column":63}},"2":{"start":{"line":10,"column":0},"end":{"line":10,"column":13}},"3":{"start":{"line":14,"column":8},"end":{"line":14,"column":41}},"4":{"start":{"line":17,"column":10},"end":{"line":35,"column":null}},"5":{"start":{"line":19,"column":27},"end":{"line":19,"column":null}},"6":{"start":{"line":19,"column":16},"end":{"line":19,"column":null}},"7":{"start":{"line":20,"column":12},"end":{"line":27,"column":null}},"8":{"start":{"line":21,"column":16},"end":{"line":24,"column":null}},"9":{"start":{"line":26,"column":16},"end":{"line":26,"column":null}},"10":{"start":{"line":29,"column":12},"end":{"line":29,"column":null}},"11":{"start":{"line":30,"column":12},"end":{"line":30,"column":null}},"12":{"start":{"line":36,"column":0},"end":{"line":36,"column":null}},"13":{"start":{"line":10,"column":13},"end":{"line":10,"column":28}}},"fnMap":{"0":{"name":"(anonymous_13)","decl":{"start":{"line":10,"column":0},"end":{"line":10,"column":13}},"loc":{"start":{"line":10,"column":0},"end":{"line":36,"column":null}}},"1":{"name":"GetBooksByQuery","decl":{"start":{"line":13,"column":4},"end":{"line":13,"column":16}},"loc":{"start":{"line":13,"column":36},"end":{"line":15,"column":5}}},"2":{"name":"(anonymous_15)","decl":{"start":{"line":17,"column":4},"end":{"line":17,"column":10}},"loc":{"start":{"line":17,"column":30},"end":{"line":35,"column":null}}}},"branchMap":{"0":{"loc":{"start":{"line":20,"column":12},"end":{"line":27,"column":null}},"type":"if","locations":[{"start":{"line":20,"column":12},"end":{"line":27,"column":null}},{"start":{"line":25,"column":19},"end":{"line":27,"column":null}}]}},"s":{"0":1,"1":1,"2":1,"3":3,"4":1,"5":3,"6":3,"7":2,"8":1,"9":1,"10":1,"11":1,"12":1,"13":1},"f":{"0":1,"1":3,"2":3},"b":{"0":[1,1]}}
,"/Users/arbazpirwani/IdeaProjects/clean-typescript-react/src/domain/validation/Validation.ts": {"path":"/Users/arbazpirwani/IdeaProjects/clean-typescript-react/src/domain/validation/Validation.ts","statementMap":{"0":{"start":{"line":1,"column":0},"end":{"line":1,"column":13}},"1":{"start":{"line":2,"column":11},"end":{"line":10,"column":null}},"2":{"start":{"line":3,"column":8},"end":{"line":5,"column":null}},"3":{"start":{"line":4,"column":12},"end":{"line":4,"column":39}},"4":{"start":{"line":6,"column":8},"end":{"line":8,"column":null}},"5":{"start":{"line":7,"column":12},"end":{"line":7,"column":43}},"6":{"start":{"line":9,"column":8},"end":{"line":9,"column":20}},"7":{"start":{"line":12,"column":0},"end":{"line":12,"column":null}},"8":{"start":{"line":1,"column":13},"end":{"line":1,"column":23}}},"fnMap":{"0":{"name":"(anonymous_0)","decl":{"start":{"line":1,"column":0},"end":{"line":1,"column":13}},"loc":{"start":{"line":1,"column":0},"end":{"line":12,"column":null}}},"1":{"name":"(anonymous_2)","decl":{"start":{"line":2,"column":4},"end":{"line":2,"column":11}},"loc":{"start":{"line":2,"column":38},"end":{"line":10,"column":5}}}},"branchMap":{"0":{"loc":{"start":{"line":3,"column":8},"end":{"line":5,"column":null}},"type":"if","locations":[{"start":{"line":3,"column":8},"end":{"line":5,"column":null}}]},"1":{"loc":{"start":{"line":6,"column":8},"end":{"line":8,"column":null}},"type":"if","locations":[{"start":{"line":6,"column":8},"end":{"line":8,"column":null}}]}},"s":{"0":1,"1":1,"2":3,"3":1,"4":2,"5":1,"6":1,"7":1,"8":1},"f":{"0":1,"1":3},"b":{"0":[1],"1":[1]}}
}
