TN:
SF:src/core/fixtures/BookFixtures.ts
FNF:0
FNH:0
DA:3,4
DA:4,4
DA:6,4
DA:22,4
LF:4
LH:4
BRF:0
BRH:0
end_of_record
TN:
SF:src/data/entity/BookApiEntity.ts
FN:42,(anonymous_0)
FN:67,(anonymous_1)
FN:68,(anonymous_2)
FN:70,(anonymous_3)
FNF:4
FNH:4
FNDA:12,(anonymous_0)
FNDA:3,(anonymous_1)
FNDA:3,(anonymous_2)
FNDA:6,(anonymous_3)
DA:42,3
DA:43,12
DA:44,12
DA:45,8
DA:46,3
DA:48,5
DA:49,1
DA:51,4
DA:52,1
DA:54,3
DA:55,1
DA:57,2
DA:58,1
DA:60,1
DA:61,1
DA:64,4
DA:67,3
DA:68,3
DA:70,3
DA:72,6
DA:73,6
LF:21
LH:21
BRDA:44,0,0,8
BRDA:45,1,0,3
BRDA:48,2,0,1
BRDA:51,3,0,1
BRDA:54,4,0,1
BRDA:57,5,0,1
BRDA:60,6,0,1
BRF:7
BRH:7
end_of_record
TN:
SF:src/data/repository/GoogleBookRepositoryImpl.ts
FN:6,(anonymous_0)
FN:9,GoogleBookRepositoryImpl
FN:13,(anonymous_2)
FN:17,(anonymous_3)
FNF:4
FNH:4
FNDA:1,(anonymous_0)
FNDA:4,GoogleBookRepositoryImpl
FNDA:2,(anonymous_2)
FNDA:2,(anonymous_3)
DA:6,1
DA:10,4
DA:13,1
DA:14,2
DA:17,1
DA:18,2
DA:20,1
LF:7
LH:7
BRF:0
BRH:0
end_of_record
TN:
SF:src/domain/model/ResponseState.ts
FN:3,(anonymous_0)
FNF:1
FNH:1
FNDA:2,(anonymous_0)
DA:3,2
DA:4,2
DA:5,2
DA:6,2
DA:7,2
LF:5
LH:5
BRDA:3,0,0,2
BRDA:3,0,1,2
BRF:2
BRH:2
end_of_record
TN:
SF:src/domain/usecase/book/GetBookById.ts
FN:10,(anonymous_13)
FN:13,GetBookById
FN:17,(anonymous_15)
FNF:3
FNH:3
FNDA:1,(anonymous_13)
FNDA:3,GetBookById
FNDA:3,(anonymous_15)
DA:2,1
DA:3,1
DA:10,1
DA:14,3
DA:17,1
DA:19,3
DA:20,2
DA:21,1
DA:26,1
DA:29,1
DA:35,1
LF:11
LH:11
BRDA:20,0,0,1
BRDA:20,0,1,1
BRF:2
BRH:2
end_of_record
TN:
SF:src/domain/usecase/book/GetBooksByQuery.ts
FN:10,(anonymous_13)
FN:13,GetBooksByQuery
FN:17,(anonymous_15)
FNF:3
FNH:3
FNDA:1,(anonymous_13)
FNDA:3,GetBooksByQuery
FNDA:3,(anonymous_15)
DA:2,1
DA:3,1
DA:10,1
DA:14,3
DA:17,1
DA:19,3
DA:20,2
DA:21,1
DA:26,1
DA:29,1
DA:30,1
DA:36,1
LF:12
LH:12
BRDA:20,0,0,1
BRDA:20,0,1,1
BRF:2
BRH:2
end_of_record
TN:
SF:src/domain/validation/Validation.ts
FN:1,(anonymous_0)
FN:2,(anonymous_2)
FNF:2
FNH:2
FNDA:1,(anonymous_0)
FNDA:3,(anonymous_2)
DA:1,1
DA:2,1
DA:3,3
DA:4,1
DA:6,2
DA:7,1
DA:9,1
DA:12,1
LF:8
LH:8
BRDA:3,0,0,1
BRDA:6,1,0,1
BRF:2
BRH:2
end_of_record
